<?xml version="1.0" encoding="UTF-8"?>
<!-- Generated by org.testng.reporters.JUnitReportReporter -->
<testsuite name="com.highq.test.siteAdmin.SiteAdmin_TC0041" tests="1" time="70.790" ignored="0" failures="0" timestamp="09 Jul 2018 11:20:58 GMT" skipped="0" hostname="HQI-194-RONAKYB" errors="0">
  <testcase name="TC0041" time="70.790" classname="com.highq.test.siteAdmin.SiteAdmin_TC0041"/>
</testsuite> <!-- com.highq.test.siteAdmin.SiteAdmin_TC0041 -->
