<?xml version="1.0" encoding="UTF-8"?>
<!-- Generated by org.testng.reporters.JUnitReportReporter -->
<testsuite name="com.highq.test.siteAdmin.SiteAdmin_TC0041" tests="1" time="170.097" ignored="0" failures="0" timestamp="02 Jul 2018 09:19:30 GMT" skipped="0" hostname="HQI-194-RONAKYB" errors="0">
  <testcase name="TC0041" time="170.097" classname="com.highq.test.siteAdmin.SiteAdmin_TC0041"/>
</testsuite> <!-- com.highq.test.siteAdmin.SiteAdmin_TC0041 -->
